
> frontend@0.1.0 dev
> next dev

   ▲ Next.js 16.0.7 (Turbopack)
   - Local:         http://localhost:3000
   - Network:       http://192.168.29.48:3000

 ✓ Starting...
Creating turbopack project {
  dir: 'd:\\tuchmath\\techpub-platform\\techpub-platform\\frontend',
  testMode: true
}
 ✓ Ready in 1044ms
/*! 🌼 daisyUI 5.5.14 */
 HEAD / 200 in 2.3s (compile: 1951ms, render: 336ms)
 GET / 200 in 123ms (compile: 5ms, render: 119ms)
 GET / 200 in 128ms (compile: 3ms, render: 124ms)
 GET /insights 200 in 642ms (compile: 513ms, render: 129ms)
 GET /insights 200 in 23ms (compile: 4ms, render: 19ms)
 GET /whitepapers 200 in 1066ms (compile: 957ms, render: 110ms)
 GET /insights/undefined 200 in 1025ms (compile: 810ms, render: 216ms)
 GET /contact 200 in 128ms (compile: 11ms, render: 117ms)
 GET /insights 200 in 29ms (compile: 4ms, render: 25ms)
 GET / 200 in 37ms (compile: 4ms, render: 34ms)
 GET /insights 200 in 35ms (compile: 4ms, render: 31ms)
 ✓ Compiled in 58ms
 GET /insights 200 in 64ms (compile: 5ms, render: 59ms)
 GET /insights 200 in 46ms (compile: 3ms, render: 43ms)
 GET /insights/undefined 200 in 180ms (compile: 130ms, render: 50ms)
 GET /insights 200 in 38ms (compile: 4ms, render: 34ms)
 GET /insights 200 in 23ms (compile: 3ms, render: 21ms)
 GET /whitepapers 200 in 145ms (compile: 101ms, render: 44ms)
 GET /webinars 200 in 133ms (compile: 9ms, render: 125ms)
 GET / 200 in 57ms (compile: 3ms, render: 55ms)
 GET /insights 200 in 31ms (compile: 4ms, render: 27ms)
 GET /? 200 in 89ms (compile: 3ms, render: 86ms)
 GET / 200 in 198ms (compile: 122ms, render: 75ms)
 GET / 200 in 71ms (compile: 4ms, render: 66ms)
 GET / 200 in 52ms (compile: 3ms, render: 49ms)
 GET / 200 in 62ms (compile: 3ms, render: 59ms)
 GET / 200 in 183ms (compile: 107ms, render: 76ms)
 GET / 200 in 70ms (compile: 4ms, render: 67ms)
 GET / 200 in 52ms (compile: 3ms, render: 49ms)
 GET / 200 in 50ms (compile: 3ms, render: 48ms)
 ✓ Compiled in 82ms
 ✓ Compiled in 237ms
 GET / 200 in 205ms (compile: 4ms, render: 201ms)
 GET / 200 in 641ms (compile: 172ms, render: 469ms)
 GET / 200 in 193ms (compile: 4ms, render: 188ms)
 ✓ Compiled in 244ms
 GET / 200 in 239ms (compile: 6ms, render: 233ms)
 GET / 200 in 576ms (compile: 135ms, render: 441ms)
 GET / 200 in 107ms (compile: 3ms, render: 104ms)
 GET / 200 in 180ms (compile: 91ms, render: 90ms)
 GET / 200 in 79ms (compile: 3ms, render: 75ms)
 GET / 200 in 53ms (compile: 3ms, render: 50ms)
 GET / 200 in 53ms (compile: 3ms, render: 50ms)
 GET / 200 in 452ms (compile: 94ms, render: 358ms)
 GET / 200 in 264ms (compile: 4ms, render: 261ms)
 GET / 200 in 135ms (compile: 8ms, render: 128ms)
 GET / 200 in 58ms (compile: 3ms, render: 55ms)
 GET / 200 in 162ms (compile: 87ms, render: 75ms)
 GET / 200 in 79ms (compile: 3ms, render: 76ms)
 GET / 200 in 50ms (compile: 3ms, render: 47ms)
 GET / 200 in 53ms (compile: 2ms, render: 51ms)
 ✓ Compiled in 81ms
 GET / 404 in 499ms (compile: 420ms, render: 79ms)
 GET / 404 in 60ms (compile: 4ms, render: 56ms)
 GET / 404 in 60ms (compile: 6ms, render: 54ms)
 GET / 404 in 90ms (compile: 5ms, render: 85ms)
 GET / 404 in 73ms (compile: 6ms, render: 67ms)
 GET / 404 in 66ms (compile: 15ms, render: 51ms)
 GET / 404 in 56ms (compile: 6ms, render: 50ms)
 GET / 404 in 81ms (compile: 5ms, render: 76ms)
 GET / 404 in 63ms (compile: 6ms, render: 58ms)
 GET / 404 in 76ms (compile: 5ms, render: 71ms)
 GET / 404 in 54ms (compile: 8ms, render: 46ms)
 GET / 404 in 49ms (compile: 5ms, render: 44ms)
 GET / 404 in 48ms (compile: 6ms, render: 42ms)
 GET / 404 in 61ms (compile: 6ms, render: 55ms)
 GET / 404 in 60ms (compile: 5ms, render: 55ms)
 GET / 404 in 53ms (compile: 8ms, render: 45ms)
 GET / 404 in 50ms (compile: 6ms, render: 44ms)
 GET / 404 in 44ms (compile: 5ms, render: 40ms)
 GET / 404 in 47ms (compile: 5ms, render: 42ms)
 GET / 404 in 26ms (compile: 4ms, render: 22ms)
 GET / 404 in 64ms (compile: 5ms, render: 59ms)
 ✓ Compiled in 93ms
 GET / 200 in 475ms (compile: 223ms, render: 252ms)
 GET / 200 in 151ms (compile: 3ms, render: 148ms)
 GET / 200 in 307ms (compile: 5ms, render: 302ms)
 GET / 200 in 66ms (compile: 4ms, render: 62ms)
 GET / 200 in 64ms (compile: 3ms, render: 61ms)
 GET / 200 in 72ms (compile: 3ms, render: 68ms)
 GET / 200 in 55ms (compile: 3ms, render: 52ms)
 GET / 200 in 56ms (compile: 3ms, render: 53ms)
 GET / 200 in 55ms (compile: 2ms, render: 53ms)
 GET / 200 in 57ms (compile: 3ms, render: 54ms)
 GET / 200 in 53ms (compile: 2ms, render: 50ms)
 GET / 200 in 51ms (compile: 3ms, render: 49ms)
 GET / 200 in 56ms (compile: 3ms, render: 53ms)
 GET / 200 in 62ms (compile: 3ms, render: 59ms)
 GET / 200 in 54ms (compile: 3ms, render: 51ms)
 GET / 200 in 53ms (compile: 3ms, render: 51ms)
 GET / 200 in 56ms (compile: 3ms, render: 53ms)
 GET / 200 in 58ms (compile: 3ms, render: 54ms)
 GET / 200 in 60ms (compile: 2ms, render: 58ms)
 GET / 200 in 66ms (compile: 2ms, render: 64ms)
 GET / 200 in 246ms (compile: 148ms, render: 98ms)
 GET / 200 in 59ms (compile: 3ms, render: 56ms)
 GET / 200 in 53ms (compile: 2ms, render: 51ms)
 GET / 200 in 59ms (compile: 3ms, render: 57ms)
 ✓ Compiled in 155ms
 GET / 200 in 205ms (compile: 126ms, render: 79ms)
 GET / 200 in 58ms (compile: 3ms, render: 55ms)
 GET / 200 in 52ms (compile: 3ms, render: 50ms)
 GET / 200 in 54ms (compile: 3ms, render: 52ms)
 ✓ Compiled in 445ms
 GET / 200 in 276ms (compile: 188ms, render: 88ms)
 GET / 200 in 71ms (compile: 7ms, render: 64ms)
 GET / 200 in 349ms (compile: 4ms, render: 345ms)
 GET / 200 in 216ms (compile: 120ms, render: 95ms)
 GET / 200 in 59ms (compile: 3ms, render: 56ms)
 GET / 200 in 57ms (compile: 3ms, render: 54ms)
 GET / 200 in 59ms (compile: 3ms, render: 57ms)
 ✓ Compiled in 49ms
 GET / 200 in 267ms (compile: 77ms, render: 190ms)
 GET /insights 200 in 266ms (compile: 122ms, render: 144ms)
 GET / 200 in 39ms (compile: 3ms, render: 36ms)
 GET / 200 in 36ms (compile: 3ms, render: 33ms)
 GET / 200 in 60ms (compile: 8ms, render: 51ms)
 GET /search 200 in 272ms (compile: 132ms, render: 140ms)
 GET / 200 in 42ms (compile: 2ms, render: 40ms)
 GET / 200 in 144ms (compile: 4ms, render: 141ms)
 GET /search 200 in 35ms (compile: 11ms, render: 24ms)
 GET /whitepapers 200 in 130ms (compile: 12ms, render: 118ms)
 GET /webinars 200 in 125ms (compile: 9ms, render: 116ms)
 GET /insights 200 in 80ms (compile: 4ms, render: 75ms)
 GET / 200 in 43ms (compile: 3ms, render: 40ms)
 ✓ Compiled in 100ms
 GET / 404 in 179ms (compile: 105ms, render: 74ms)
 GET / 404 in 134ms (compile: 5ms, render: 129ms)
 GET / 404 in 108ms (compile: 8ms, render: 100ms)
 GET / 404 in 101ms (compile: 5ms, render: 96ms)
 GET / 404 in 60ms (compile: 5ms, render: 55ms)
 GET / 404 in 58ms (compile: 5ms, render: 53ms)
 GET / 404 in 58ms (compile: 4ms, render: 54ms)
 GET / 404 in 59ms (compile: 5ms, render: 54ms)
 GET / 404 in 62ms (compile: 5ms, render: 56ms)
 GET / 404 in 57ms (compile: 6ms, render: 51ms)
 GET / 404 in 251ms (compile: 4ms, render: 247ms)
 GET / 404 in 47ms (compile: 5ms, render: 42ms)
 GET / 404 in 50ms (compile: 4ms, render: 45ms)
 GET / 404 in 52ms (compile: 4ms, render: 48ms)
 GET / 404 in 44ms (compile: 5ms, render: 39ms)
 GET / 404 in 44ms (compile: 5ms, render: 39ms)
 GET / 404 in 45ms (compile: 5ms, render: 40ms)
 GET / 404 in 45ms (compile: 4ms, render: 41ms)
 GET / 404 in 42ms (compile: 5ms, render: 37ms)
 GET / 404 in 21ms (compile: 5ms, render: 16ms)
 GET / 404 in 51ms (compile: 4ms, render: 47ms)
 GET / 200 in 379ms (compile: 269ms, render: 110ms)
 GET / 200 in 52ms (compile: 3ms, render: 49ms)
 GET / 200 in 50ms (compile: 2ms, render: 48ms)
 GET / 200 in 45ms (compile: 3ms, render: 42ms)
 GET / 200 in 43ms (compile: 2ms, render: 40ms)
 GET / 200 in 44ms (compile: 3ms, render: 41ms)
 GET / 200 in 46ms (compile: 2ms, render: 44ms)
 GET / 200 in 52ms (compile: 2ms, render: 49ms)
 GET / 200 in 66ms (compile: 2ms, render: 64ms)
 GET / 200 in 62ms (compile: 3ms, render: 58ms)
 GET / 200 in 50ms (compile: 3ms, render: 47ms)
 GET / 200 in 102ms (compile: 3ms, render: 98ms)
 GET / 200 in 46ms (compile: 3ms, render: 44ms)
 GET / 200 in 45ms (compile: 3ms, render: 43ms)
 GET / 200 in 46ms (compile: 2ms, render: 44ms)
 GET / 200 in 43ms (compile: 2ms, render: 40ms)
 GET / 200 in 52ms (compile: 3ms, render: 50ms)
 GET / 200 in 55ms (compile: 3ms, render: 52ms)
 GET / 200 in 54ms (compile: 3ms, render: 51ms)
 GET / 200 in 44ms (compile: 2ms, render: 42ms)
 ✓ Compiled in 96ms
 GET / 200 in 183ms (compile: 110ms, render: 73ms)
 GET / 200 in 44ms (compile: 2ms, render: 41ms)
 GET / 200 in 46ms (compile: 3ms, render: 44ms)
 GET / 200 in 45ms (compile: 2ms, render: 43ms)
 GET /insights 200 in 151ms (compile: 96ms, render: 55ms)
