Error [ValidationError]: The following field is invalid: Cta > Primary CTA > Label
    at async upsertBySlug (src\utilities\seedDemo.ts:160:18)
    at async seedDemoContent (src\utilities\seedDemo.ts:405:22)
    at async POST (src\app\api\seed-demo\route.ts:21:17)
  158 |   }
  159 |
> 160 |   const created = await payload.create({
      |                  ^
  161 |     collection,
  162 |     data,
  163 |     draft: false, {
  data: [Object],
  isOperational: true,
  isPublic: true,
  status: 400,
  [cause]: [Object]
}
Error [ValidationError]: The following field is invalid: Cta > Primary CTA > Label
    at async upsertBySlug (src\utilities\seedDemo.ts:160:18)
    at async seedDemoContent (src\utilities\seedDemo.ts:405:22)
    at async POST (src\app\api\seed-demo\route.ts:21:17)
  158 |   }
  159 |
> 160 |   const created = await payload.create({
      |                  ^
  161 |     collection,
  162 |     data,
  163 |     draft: false, {
  data: [Object],
  isOperational: true,
  isPublic: true,
  status: 400,
  [cause]: [Object]
}
Error [ValidationError]: The following fields are invalid: Hero > Primary Action > Label, Hero > Secondary Action > Label
    at async upsertBySlug (src\utilities\seedDemo.ts:193:18)
    at async seedDemoContent (src\utilities\seedDemo.ts:488:2)
    at async POST (src\app\api\seed-demo\route.ts:21:17)
  191 |   }
  192 |
> 193 |   const created = await payload.create({
      |                  ^
  194 |     collection,
  195 |     data,
  196 |     draft: false, {
  data: [Object],
  isOperational: true,
  isPublic: true,
  status: 400,
  [cause]: [Object]
}
Error [ValidationError]: The following field is invalid: Hero > Secondary Action > Label
    at async upsertBySlug (src\utilities\seedDemo.ts:201:18)
    at async seedDemoContent (src\utilities\seedDemo.ts:672:2)
    at async POST (src\app\api\seed-demo\route.ts:21:17)
  199 |   }
  200 |
> 201 |   const created = await payload.create({
      |                  ^
  202 |     collection,
  203 |     data,
  204 |     draft: false, {
  data: [Object],
  isOperational: true,
  isPublic: true,
  status: 400,
  [cause]: [Object]
}
 ⨯ ./node_modules/next/dist/client/components/metadata/metadata-boundary.js
Error: 

Caused by:
    0: Failed to read source code from d:\tuchmath\techpub-platform\techpub-platform\payload\node_modules\next\dist\client\components\metadata\metadata-boundary.js
    1: The system cannot find the file specified. (os error 2)

Import trace for requested module:
./node_modules/next/dist/client/components/metadata/metadata-boundary.js
 ⨯ ./src/app/(payload)/admin/importMap.js
Attempted import error: 'CollectionCards' is not exported from '@payloadcms/next/rsc' (imported as 'CollectionCards_f9c02e79a4aed9a3924487c0cd4cafb1').

Import trace for requested module:
./src/app/(payload)/admin/importMap.js
./src/app/(payload)/layout.tsx
 ⨯ ./src/app/(payload)/admin/importMap.js
Attempted import error: 'CollectionCards' is not exported from '@payloadcms/next/rsc' (imported as 'CollectionCards_f9c02e79a4aed9a3924487c0cd4cafb1').

Import trace for requested module:
./src/app/(payload)/admin/importMap.js
./src/app/(payload)/layout.tsx
 ⚠ Fast Refresh had to perform a full reload. Read more: https://nextjs.org/docs/messages/fast-refresh-reload
 ⨯ ./src/app/(payload)/admin/importMap.js
Attempted import error: 'CollectionCards' is not exported from '@payloadcms/next/rsc' (imported as 'CollectionCards_f9c02e79a4aed9a3924487c0cd4cafb1').

Import trace for requested module:
./src/app/(payload)/admin/importMap.js
./src/app/(payload)/layout.tsx
 ⚠ Fast Refresh had to perform a full reload due to a runtime error.
 ⨯ ./src/app/(payload)/admin/importMap.js
Attempted import error: 'CollectionCards' is not exported from '@payloadcms/next/rsc' (imported as 'CollectionCards_f9c02e79a4aed9a3924487c0cd4cafb1').

Import trace for requested module:
./src/app/(payload)/admin/importMap.js
./src/app/(payload)/layout.tsx
[Error: ENOENT: no such file or directory, open 'd:\tuchmath\techpub-platform\techpub-platform\payload\.next\routes-manifest.json'] {
  errno: -4058,
  code: 'ENOENT',
  syscall: 'open',
  path: 'd:\\tuchmath\\techpub-platform\\techpub-platform\\payload\\.next\\routes-manifest.json'
}
[Error: ENOENT: no such file or directory, open 'd:\tuchmath\techpub-platform\techpub-platform\payload\.next\routes-manifest.json'] {
  errno: -4058,
  code: 'ENOENT',
  syscall: 'open',
  path: 'd:\\tuchmath\\techpub-platform\\techpub-platform\\payload\\.next\\routes-manifest.json'
}
 ⚠ Fast Refresh had to perform a full reload due to a runtime error.
 ⨯ [Error: ENOENT: no such file or directory, open 'd:\tuchmath\techpub-platform\techpub-platform\payload\.next\routes-manifest.json'] {
  errno: -4058,
  code: 'ENOENT',
  syscall: 'open',
  path: 'd:\\tuchmath\\techpub-platform\\techpub-platform\\payload\\.next\\routes-manifest.json'
}
[Error: ENOENT: no such file or directory, open 'd:\tuchmath\techpub-platform\techpub-platform\payload\.next\routes-manifest.json'] {
  errno: -4058,
  code: 'ENOENT',
  syscall: 'open',
  path: 'd:\\tuchmath\\techpub-platform\\techpub-platform\\payload\\.next\\routes-manifest.json'
}
[Error: ENOENT: no such file or directory, open 'd:\tuchmath\techpub-platform\techpub-platform\payload\.next\routes-manifest.json'] {
  errno: -4058,
  code: 'ENOENT',
  syscall: 'open',
  path: 'd:\\tuchmath\\techpub-platform\\techpub-platform\\payload\\.next\\routes-manifest.json'
}
 ⨯ ./src/app/(payload)/admin/importMap.js
Attempted import error: 'CollectionCards' is not exported from '@payloadcms/next/rsc' (imported as 'CollectionCards_f9c02e79a4aed9a3924487c0cd4cafb1').

Import trace for requested module:
./src/app/(payload)/admin/importMap.js
./src/app/(payload)/layout.tsx
TypeError: (0 , i.getCacheSignal) is not a function
    at a (d:\tuchmath\techpub-platform\techpub-platform\payload\.next\server\app\(payload)\admin\[[...segments]]\page.js:144:100397)
    at s (d:\tuchmath\techpub-platform\techpub-platform\payload\.next\server\app\(payload)\admin\[[...segments]]\page.js:4:64873)
 ⨯ unhandledRejection: TypeError: (0 , i.getCacheSignal) is not a function
    at a (d:\tuchmath\techpub-platform\techpub-platform\payload\.next\server\app\(payload)\admin\[[...segments]]\page.js:144:100397)
    at s (d:\tuchmath\techpub-platform\techpub-platform\payload\.next\server\app\(payload)\admin\[[...segments]]\page.js:4:64873)
 ⨯ unhandledRejection:  TypeError: (0 , i.getCacheSignal) is not a function
    at a (d:\tuchmath\techpub-platform\techpub-platform\payload\.next\server\app\(payload)\admin\[[...segments]]\page.js:144:100397)
    at s (d:\tuchmath\techpub-platform\techpub-platform\payload\.next\server\app\(payload)\admin\[[...segments]]\page.js:4:64873)
 ⨯ TypeError: (0 , i.getCacheSignal) is not a function
    at a (d:\tuchmath\techpub-platform\techpub-platform\payload\.next\server\app\(payload)\admin\[[...segments]]\page.js:144:100397)
    at s (d:\tuchmath\techpub-platform\techpub-platform\payload\.next\server\app\(payload)\admin\[[...segments]]\page.js:4:64873) {
  digest: '2018089310'
}
 ⨯ Failed to generate static paths for /api/[...slug]:
[Error: Cannot find module './vendor-chunks/date-fns.js'
Require stack:
- d:\tuchmath\techpub-platform\techpub-platform\payload\.next\server\webpack-runtime.js
- d:\tuchmath\techpub-platform\techpub-platform\payload\.next\server\app\(payload)\api\[...slug]\route.js
- d:\tuchmath\techpub-platform\techpub-platform\payload\node_modules\next\dist\server\require.js
- d:\tuchmath\techpub-platform\techpub-platform\payload\node_modules\next\dist\server\load-components.js
- d:\tuchmath\techpub-platform\techpub-platform\payload\node_modules\next\dist\build\utils.js
- d:\tuchmath\techpub-platform\techpub-platform\payload\node_modules\next\dist\server\dev\static-paths-worker.js
- d:\tuchmath\techpub-platform\techpub-platform\payload\node_modules\next\dist\compiled\jest-worker\processChild.js] {
  type: 'Error',
  code: 'MODULE_NOT_FOUND',
  requireStack: [Array]
}
 ⨯ Failed to generate static paths for /api/[...slug]:
[Error: Cannot find module './vendor-chunks/date-fns.js'
Require stack:
- d:\tuchmath\techpub-platform\techpub-platform\payload\.next\server\webpack-runtime.js
- d:\tuchmath\techpub-platform\techpub-platform\payload\.next\server\app\(payload)\api\[...slug]\route.js
- d:\tuchmath\techpub-platform\techpub-platform\payload\node_modules\next\dist\server\require.js
- d:\tuchmath\techpub-platform\techpub-platform\payload\node_modules\next\dist\server\load-components.js
- d:\tuchmath\techpub-platform\techpub-platform\payload\node_modules\next\dist\build\utils.js
- d:\tuchmath\techpub-platform\techpub-platform\payload\node_modules\next\dist\server\dev\static-paths-worker.js
- d:\tuchmath\techpub-platform\techpub-platform\payload\node_modules\next\dist\compiled\jest-worker\processChild.js] {
  type: 'Error',
  code: 'MODULE_NOT_FOUND',
  requireStack: [Array]
}
 ⨯ Failed to generate static paths for /api/[...slug]:
[Error: Cannot find module './vendor-chunks/date-fns.js'
Require stack:
- d:\tuchmath\techpub-platform\techpub-platform\payload\.next\server\webpack-runtime.js
- d:\tuchmath\techpub-platform\techpub-platform\payload\.next\server\app\(payload)\api\[...slug]\route.js
- d:\tuchmath\techpub-platform\techpub-platform\payload\node_modules\next\dist\server\require.js
- d:\tuchmath\techpub-platform\techpub-platform\payload\node_modules\next\dist\server\load-components.js
- d:\tuchmath\techpub-platform\techpub-platform\payload\node_modules\next\dist\build\utils.js
- d:\tuchmath\techpub-platform\techpub-platform\payload\node_modules\next\dist\server\dev\static-paths-worker.js
- d:\tuchmath\techpub-platform\techpub-platform\payload\node_modules\next\dist\compiled\jest-worker\processChild.js] {
  type: 'Error',
  code: 'MODULE_NOT_FOUND',
  requireStack: [Array]
}
 ⨯ Failed to generate static paths for /api/[...slug]:
[Error: Cannot find module './vendor-chunks/date-fns.js'
Require stack:
- d:\tuchmath\techpub-platform\techpub-platform\payload\.next\server\webpack-runtime.js
- d:\tuchmath\techpub-platform\techpub-platform\payload\.next\server\app\(payload)\api\[...slug]\route.js
- d:\tuchmath\techpub-platform\techpub-platform\payload\node_modules\next\dist\server\require.js
- d:\tuchmath\techpub-platform\techpub-platform\payload\node_modules\next\dist\server\load-components.js
- d:\tuchmath\techpub-platform\techpub-platform\payload\node_modules\next\dist\build\utils.js
- d:\tuchmath\techpub-platform\techpub-platform\payload\node_modules\next\dist\server\dev\static-paths-worker.js
- d:\tuchmath\techpub-platform\techpub-platform\payload\node_modules\next\dist\compiled\jest-worker\processChild.js] {
  type: 'Error',
  code: 'MODULE_NOT_FOUND',
  requireStack: [Array]
}
 ⨯ Error: Cannot find module './5873.js'
Require stack:
- d:\tuchmath\techpub-platform\techpub-platform\payload\.next\server\webpack-runtime.js
- d:\tuchmath\techpub-platform\techpub-platform\payload\.next\server\app\(payload)\api\[...slug]\route.js
- d:\tuchmath\techpub-platform\techpub-platform\payload\node_modules\next\dist\server\require.js
- d:\tuchmath\techpub-platform\techpub-platform\payload\node_modules\next\dist\server\load-components.js
- d:\tuchmath\techpub-platform\techpub-platform\payload\node_modules\next\dist\build\utils.js
- d:\tuchmath\techpub-platform\techpub-platform\payload\node_modules\next\dist\build\swc\options.js
- d:\tuchmath\techpub-platform\techpub-platform\payload\node_modules\next\dist\build\swc\index.js
- d:\tuchmath\techpub-platform\techpub-platform\payload\node_modules\next\dist\build\analysis\parse-module.js
- d:\tuchmath\techpub-platform\techpub-platform\payload\node_modules\next\dist\build\analysis\get-page-static-info.js
- d:\tuchmath\techpub-platform\techpub-platform\payload\node_modules\next\dist\server\lib\router-utils\setup-dev-bundler.js
- d:\tuchmath\techpub-platform\techpub-platform\payload\node_modules\next\dist\server\lib\router-server.js
- d:\tuchmath\techpub-platform\techpub-platform\payload\node_modules\next\dist\server\lib\start-server.js
    at <unknown> (d:\tuchmath\techpub-platform\techpub-platform\payload\.next\server\app\(payload)\admin\[[...segments]]\page.js:213:147690)
    at Object.<anonymous> (d:\tuchmath\techpub-platform\techpub-platform\payload\.next\server\app\(payload)\admin\[[...segments]]\page.js:213:147761) {
  code: 'MODULE_NOT_FOUND',
  requireStack: [Array],
  page: '/admin/logout-inactivity'
}
 ⨯ Error: Cannot find module './5611.js'
Require stack:
- d:\tuchmath\techpub-platform\techpub-platform\payload\.next\server\webpack-runtime.js
- d:\tuchmath\techpub-platform\techpub-platform\payload\.next\server\app\(payload)\api\[...slug]\route.js
- d:\tuchmath\techpub-platform\techpub-platform\payload\node_modules\next\dist\server\require.js
- d:\tuchmath\techpub-platform\techpub-platform\payload\node_modules\next\dist\server\load-components.js
- d:\tuchmath\techpub-platform\techpub-platform\payload\node_modules\next\dist\build\utils.js
- d:\tuchmath\techpub-platform\techpub-platform\payload\node_modules\next\dist\build\swc\options.js
- d:\tuchmath\techpub-platform\techpub-platform\payload\node_modules\next\dist\build\swc\index.js
- d:\tuchmath\techpub-platform\techpub-platform\payload\node_modules\next\dist\build\analysis\parse-module.js
- d:\tuchmath\techpub-platform\techpub-platform\payload\node_modules\next\dist\build\analysis\get-page-static-info.js
- d:\tuchmath\techpub-platform\techpub-platform\payload\node_modules\next\dist\server\lib\router-utils\setup-dev-bundler.js
- d:\tuchmath\techpub-platform\techpub-platform\payload\node_modules\next\dist\server\lib\router-server.js
- d:\tuchmath\techpub-platform\techpub-platform\payload\node_modules\next\dist\server\lib\start-server.js
    at <unknown> (d:\tuchmath\techpub-platform\techpub-platform\payload\.next\server\pages\_document.js:1:327)
    at Object.<anonymous> (d:\tuchmath\techpub-platform\techpub-platform\payload\.next\server\pages\_document.js:1:374) {
  code: 'MODULE_NOT_FOUND',
  requireStack: [Array]
}
Error: Cannot find module './5873.js'
Require stack:
- d:\tuchmath\techpub-platform\techpub-platform\payload\.next\server\webpack-runtime.js
- d:\tuchmath\techpub-platform\techpub-platform\payload\.next\server\app\(payload)\api\[...slug]\route.js
- d:\tuchmath\techpub-platform\techpub-platform\payload\node_modules\next\dist\server\require.js
- d:\tuchmath\techpub-platform\techpub-platform\payload\node_modules\next\dist\server\load-components.js
- d:\tuchmath\techpub-platform\techpub-platform\payload\node_modules\next\dist\build\utils.js
- d:\tuchmath\techpub-platform\techpub-platform\payload\node_modules\next\dist\build\swc\options.js
- d:\tuchmath\techpub-platform\techpub-platform\payload\node_modules\next\dist\build\swc\index.js
- d:\tuchmath\techpub-platform\techpub-platform\payload\node_modules\next\dist\build\analysis\parse-module.js
- d:\tuchmath\techpub-platform\techpub-platform\payload\node_modules\next\dist\build\analysis\get-page-static-info.js
- d:\tuchmath\techpub-platform\techpub-platform\payload\node_modules\next\dist\server\lib\router-utils\setup-dev-bundler.js
- d:\tuchmath\techpub-platform\techpub-platform\payload\node_modules\next\dist\server\lib\router-server.js
- d:\tuchmath\techpub-platform\techpub-platform\payload\node_modules\next\dist\server\lib\start-server.js
    at <unknown> (d:\tuchmath\techpub-platform\techpub-platform\payload\.next\server\app\(payload)\admin\[[...segments]]\page.js:213:147690)
    at Object.<anonymous> (d:\tuchmath\techpub-platform\techpub-platform\payload\.next\server\app\(payload)\admin\[[...segments]]\page.js:213:147761) {
  code: 'MODULE_NOT_FOUND',
  requireStack: [Array],
  page: '/admin/logout-inactivity'
}
 ⨯ Error: Cannot find module './5611.js'
Require stack:
- d:\tuchmath\techpub-platform\techpub-platform\payload\.next\server\webpack-runtime.js
- d:\tuchmath\techpub-platform\techpub-platform\payload\.next\server\app\(payload)\api\[...slug]\route.js
- d:\tuchmath\techpub-platform\techpub-platform\payload\node_modules\next\dist\server\require.js
- d:\tuchmath\techpub-platform\techpub-platform\payload\node_modules\next\dist\server\load-components.js
- d:\tuchmath\techpub-platform\techpub-platform\payload\node_modules\next\dist\build\utils.js
- d:\tuchmath\techpub-platform\techpub-platform\payload\node_modules\next\dist\build\swc\options.js
- d:\tuchmath\techpub-platform\techpub-platform\payload\node_modules\next\dist\build\swc\index.js
- d:\tuchmath\techpub-platform\techpub-platform\payload\node_modules\next\dist\build\analysis\parse-module.js
- d:\tuchmath\techpub-platform\techpub-platform\payload\node_modules\next\dist\build\analysis\get-page-static-info.js
- d:\tuchmath\techpub-platform\techpub-platform\payload\node_modules\next\dist\server\lib\router-utils\setup-dev-bundler.js
- d:\tuchmath\techpub-platform\techpub-platform\payload\node_modules\next\dist\server\lib\router-server.js
- d:\tuchmath\techpub-platform\techpub-platform\payload\node_modules\next\dist\server\lib\start-server.js
    at <unknown> (d:\tuchmath\techpub-platform\techpub-platform\payload\.next\server\pages\_document.js:1:327)
    at Object.<anonymous> (d:\tuchmath\techpub-platform\techpub-platform\payload\.next\server\pages\_document.js:1:374) {
  code: 'MODULE_NOT_FOUND',
  requireStack: [Array]
}
[Error: ENOENT: no such file or directory, open 'd:\tuchmath\techpub-platform\techpub-platform\payload\.next\fallback-build-manifest.json'] {
  errno: -4058,
  code: 'ENOENT',
  syscall: 'open',
  path: 'd:\\tuchmath\\techpub-platform\\techpub-platform\\payload\\.next\\fallback-build-manifest.json'
}
 ⨯ Error: Cannot find module './5873.js'
Require stack:
- d:\tuchmath\techpub-platform\techpub-platform\payload\.next\server\webpack-runtime.js
- d:\tuchmath\techpub-platform\techpub-platform\payload\.next\server\app\(payload)\api\[...slug]\route.js
- d:\tuchmath\techpub-platform\techpub-platform\payload\node_modules\next\dist\server\require.js
- d:\tuchmath\techpub-platform\techpub-platform\payload\node_modules\next\dist\server\load-components.js
- d:\tuchmath\techpub-platform\techpub-platform\payload\node_modules\next\dist\build\utils.js
- d:\tuchmath\techpub-platform\techpub-platform\payload\node_modules\next\dist\build\swc\options.js
- d:\tuchmath\techpub-platform\techpub-platform\payload\node_modules\next\dist\build\swc\index.js
- d:\tuchmath\techpub-platform\techpub-platform\payload\node_modules\next\dist\build\analysis\parse-module.js
- d:\tuchmath\techpub-platform\techpub-platform\payload\node_modules\next\dist\build\analysis\get-page-static-info.js
- d:\tuchmath\techpub-platform\techpub-platform\payload\node_modules\next\dist\server\lib\router-utils\setup-dev-bundler.js
- d:\tuchmath\techpub-platform\techpub-platform\payload\node_modules\next\dist\server\lib\router-server.js
- d:\tuchmath\techpub-platform\techpub-platform\payload\node_modules\next\dist\server\lib\start-server.js
    at <unknown> (d:\tuchmath\techpub-platform\techpub-platform\payload\.next\server\app\(payload)\admin\[[...segments]]\page.js:213:147690)
    at Object.<anonymous> (d:\tuchmath\techpub-platform\techpub-platform\payload\.next\server\app\(payload)\admin\[[...segments]]\page.js:213:147761) {
  code: 'MODULE_NOT_FOUND',
  requireStack: [Array],
  page: '/admin/logout-inactivity'
}
 ⨯ Error: Cannot find module './5611.js'
Require stack:
- d:\tuchmath\techpub-platform\techpub-platform\payload\.next\server\webpack-runtime.js
- d:\tuchmath\techpub-platform\techpub-platform\payload\.next\server\app\(payload)\api\[...slug]\route.js
- d:\tuchmath\techpub-platform\techpub-platform\payload\node_modules\next\dist\server\require.js
- d:\tuchmath\techpub-platform\techpub-platform\payload\node_modules\next\dist\server\load-components.js
- d:\tuchmath\techpub-platform\techpub-platform\payload\node_modules\next\dist\build\utils.js
- d:\tuchmath\techpub-platform\techpub-platform\payload\node_modules\next\dist\build\swc\options.js
- d:\tuchmath\techpub-platform\techpub-platform\payload\node_modules\next\dist\build\swc\index.js
- d:\tuchmath\techpub-platform\techpub-platform\payload\node_modules\next\dist\build\analysis\parse-module.js
- d:\tuchmath\techpub-platform\techpub-platform\payload\node_modules\next\dist\build\analysis\get-page-static-info.js
- d:\tuchmath\techpub-platform\techpub-platform\payload\node_modules\next\dist\server\lib\router-utils\setup-dev-bundler.js
- d:\tuchmath\techpub-platform\techpub-platform\payload\node_modules\next\dist\server\lib\router-server.js
- d:\tuchmath\techpub-platform\techpub-platform\payload\node_modules\next\dist\server\lib\start-server.js
    at <unknown> (d:\tuchmath\techpub-platform\techpub-platform\payload\.next\server\pages\_document.js:1:327)
    at Object.<anonymous> (d:\tuchmath\techpub-platform\techpub-platform\payload\.next\server\pages\_document.js:1:374) {
  code: 'MODULE_NOT_FOUND',
  requireStack: [Array]
}
Error: Cannot find module './5873.js'
Require stack:
- d:\tuchmath\techpub-platform\techpub-platform\payload\.next\server\webpack-runtime.js
- d:\tuchmath\techpub-platform\techpub-platform\payload\.next\server\app\(payload)\api\[...slug]\route.js
- d:\tuchmath\techpub-platform\techpub-platform\payload\node_modules\next\dist\server\require.js
- d:\tuchmath\techpub-platform\techpub-platform\payload\node_modules\next\dist\server\load-components.js
- d:\tuchmath\techpub-platform\techpub-platform\payload\node_modules\next\dist\build\utils.js
- d:\tuchmath\techpub-platform\techpub-platform\payload\node_modules\next\dist\build\swc\options.js
- d:\tuchmath\techpub-platform\techpub-platform\payload\node_modules\next\dist\build\swc\index.js
- d:\tuchmath\techpub-platform\techpub-platform\payload\node_modules\next\dist\build\analysis\parse-module.js
- d:\tuchmath\techpub-platform\techpub-platform\payload\node_modules\next\dist\build\analysis\get-page-static-info.js
- d:\tuchmath\techpub-platform\techpub-platform\payload\node_modules\next\dist\server\lib\router-utils\setup-dev-bundler.js
- d:\tuchmath\techpub-platform\techpub-platform\payload\node_modules\next\dist\server\lib\router-server.js
- d:\tuchmath\techpub-platform\techpub-platform\payload\node_modules\next\dist\server\lib\start-server.js
    at <unknown> (d:\tuchmath\techpub-platform\techpub-platform\payload\.next\server\app\(payload)\admin\[[...segments]]\page.js:213:147690)
    at Object.<anonymous> (d:\tuchmath\techpub-platform\techpub-platform\payload\.next\server\app\(payload)\admin\[[...segments]]\page.js:213:147761) {
  code: 'MODULE_NOT_FOUND',
  requireStack: [Array],
  page: '/admin/logout-inactivity'
}
 ⨯ Error: Cannot find module './5611.js'
Require stack:
- d:\tuchmath\techpub-platform\techpub-platform\payload\.next\server\webpack-runtime.js
- d:\tuchmath\techpub-platform\techpub-platform\payload\.next\server\app\(payload)\api\[...slug]\route.js
- d:\tuchmath\techpub-platform\techpub-platform\payload\node_modules\next\dist\server\require.js
- d:\tuchmath\techpub-platform\techpub-platform\payload\node_modules\next\dist\server\load-components.js
- d:\tuchmath\techpub-platform\techpub-platform\payload\node_modules\next\dist\build\utils.js
- d:\tuchmath\techpub-platform\techpub-platform\payload\node_modules\next\dist\build\swc\options.js
- d:\tuchmath\techpub-platform\techpub-platform\payload\node_modules\next\dist\build\swc\index.js
- d:\tuchmath\techpub-platform\techpub-platform\payload\node_modules\next\dist\build\analysis\parse-module.js
- d:\tuchmath\techpub-platform\techpub-platform\payload\node_modules\next\dist\build\analysis\get-page-static-info.js
- d:\tuchmath\techpub-platform\techpub-platform\payload\node_modules\next\dist\server\lib\router-utils\setup-dev-bundler.js
- d:\tuchmath\techpub-platform\techpub-platform\payload\node_modules\next\dist\server\lib\router-server.js
- d:\tuchmath\techpub-platform\techpub-platform\payload\node_modules\next\dist\server\lib\start-server.js
    at <unknown> (d:\tuchmath\techpub-platform\techpub-platform\payload\.next\server\pages\_document.js:1:327)
    at Object.<anonymous> (d:\tuchmath\techpub-platform\techpub-platform\payload\.next\server\pages\_document.js:1:374) {
  code: 'MODULE_NOT_FOUND',
  requireStack: [Array]
}
[Error: ENOENT: no such file or directory, open 'd:\tuchmath\techpub-platform\techpub-platform\payload\.next\fallback-build-manifest.json'] {
  errno: -4058,
  code: 'ENOENT',
  syscall: 'open',
  path: 'd:\\tuchmath\\techpub-platform\\techpub-platform\\payload\\.next\\fallback-build-manifest.json'
}
 ⨯ Error: Cannot find module './5873.js'
Require stack:
- d:\tuchmath\techpub-platform\techpub-platform\payload\.next\server\webpack-runtime.js
- d:\tuchmath\techpub-platform\techpub-platform\payload\.next\server\app\(payload)\api\[...slug]\route.js
- d:\tuchmath\techpub-platform\techpub-platform\payload\node_modules\next\dist\server\require.js
- d:\tuchmath\techpub-platform\techpub-platform\payload\node_modules\next\dist\server\load-components.js
- d:\tuchmath\techpub-platform\techpub-platform\payload\node_modules\next\dist\build\utils.js
- d:\tuchmath\techpub-platform\techpub-platform\payload\node_modules\next\dist\build\swc\options.js
- d:\tuchmath\techpub-platform\techpub-platform\payload\node_modules\next\dist\build\swc\index.js
- d:\tuchmath\techpub-platform\techpub-platform\payload\node_modules\next\dist\build\analysis\parse-module.js
- d:\tuchmath\techpub-platform\techpub-platform\payload\node_modules\next\dist\build\analysis\get-page-static-info.js
- d:\tuchmath\techpub-platform\techpub-platform\payload\node_modules\next\dist\server\lib\router-utils\setup-dev-bundler.js
- d:\tuchmath\techpub-platform\techpub-platform\payload\node_modules\next\dist\server\lib\router-server.js
- d:\tuchmath\techpub-platform\techpub-platform\payload\node_modules\next\dist\server\lib\start-server.js
    at <unknown> (d:\tuchmath\techpub-platform\techpub-platform\payload\.next\server\app\(payload)\admin\[[...segments]]\page.js:213:147690)
    at Object.<anonymous> (d:\tuchmath\techpub-platform\techpub-platform\payload\.next\server\app\(payload)\admin\[[...segments]]\page.js:213:147761) {
  code: 'MODULE_NOT_FOUND',
  requireStack: [Array],
  page: '/admin/logout-inactivity'
}
 ⨯ Error: Cannot find module './5611.js'
Require stack:
- d:\tuchmath\techpub-platform\techpub-platform\payload\.next\server\webpack-runtime.js
- d:\tuchmath\techpub-platform\techpub-platform\payload\.next\server\app\(payload)\api\[...slug]\route.js
- d:\tuchmath\techpub-platform\techpub-platform\payload\node_modules\next\dist\server\require.js
- d:\tuchmath\techpub-platform\techpub-platform\payload\node_modules\next\dist\server\load-components.js
- d:\tuchmath\techpub-platform\techpub-platform\payload\node_modules\next\dist\build\utils.js
- d:\tuchmath\techpub-platform\techpub-platform\payload\node_modules\next\dist\build\swc\options.js
- d:\tuchmath\techpub-platform\techpub-platform\payload\node_modules\next\dist\build\swc\index.js
- d:\tuchmath\techpub-platform\techpub-platform\payload\node_modules\next\dist\build\analysis\parse-module.js
- d:\tuchmath\techpub-platform\techpub-platform\payload\node_modules\next\dist\build\analysis\get-page-static-info.js
- d:\tuchmath\techpub-platform\techpub-platform\payload\node_modules\next\dist\server\lib\router-utils\setup-dev-bundler.js
- d:\tuchmath\techpub-platform\techpub-platform\payload\node_modules\next\dist\server\lib\router-server.js
- d:\tuchmath\techpub-platform\techpub-platform\payload\node_modules\next\dist\server\lib\start-server.js
    at <unknown> (d:\tuchmath\techpub-platform\techpub-platform\payload\.next\server\pages\_document.js:1:327)
    at Object.<anonymous> (d:\tuchmath\techpub-platform\techpub-platform\payload\.next\server\pages\_document.js:1:374) {
  code: 'MODULE_NOT_FOUND',
  requireStack: [Array]
}
Error: Cannot find module './5873.js'
Require stack:
- d:\tuchmath\techpub-platform\techpub-platform\payload\.next\server\webpack-runtime.js
- d:\tuchmath\techpub-platform\techpub-platform\payload\.next\server\app\(payload)\api\[...slug]\route.js
- d:\tuchmath\techpub-platform\techpub-platform\payload\node_modules\next\dist\server\require.js
- d:\tuchmath\techpub-platform\techpub-platform\payload\node_modules\next\dist\server\load-components.js
- d:\tuchmath\techpub-platform\techpub-platform\payload\node_modules\next\dist\build\utils.js
- d:\tuchmath\techpub-platform\techpub-platform\payload\node_modules\next\dist\build\swc\options.js
- d:\tuchmath\techpub-platform\techpub-platform\payload\node_modules\next\dist\build\swc\index.js
- d:\tuchmath\techpub-platform\techpub-platform\payload\node_modules\next\dist\build\analysis\parse-module.js
- d:\tuchmath\techpub-platform\techpub-platform\payload\node_modules\next\dist\build\analysis\get-page-static-info.js
- d:\tuchmath\techpub-platform\techpub-platform\payload\node_modules\next\dist\server\lib\router-utils\setup-dev-bundler.js
- d:\tuchmath\techpub-platform\techpub-platform\payload\node_modules\next\dist\server\lib\router-server.js
- d:\tuchmath\techpub-platform\techpub-platform\payload\node_modules\next\dist\server\lib\start-server.js
    at <unknown> (d:\tuchmath\techpub-platform\techpub-platform\payload\.next\server\app\(payload)\admin\[[...segments]]\page.js:213:147690)
    at Object.<anonymous> (d:\tuchmath\techpub-platform\techpub-platform\payload\.next\server\app\(payload)\admin\[[...segments]]\page.js:213:147761) {
  code: 'MODULE_NOT_FOUND',
  requireStack: [Array],
  page: '/admin/logout-inactivity'
}
 ⨯ Error: Cannot find module './5611.js'
Require stack:
- d:\tuchmath\techpub-platform\techpub-platform\payload\.next\server\webpack-runtime.js
- d:\tuchmath\techpub-platform\techpub-platform\payload\.next\server\app\(payload)\api\[...slug]\route.js
- d:\tuchmath\techpub-platform\techpub-platform\payload\node_modules\next\dist\server\require.js
- d:\tuchmath\techpub-platform\techpub-platform\payload\node_modules\next\dist\server\load-components.js
- d:\tuchmath\techpub-platform\techpub-platform\payload\node_modules\next\dist\build\utils.js
- d:\tuchmath\techpub-platform\techpub-platform\payload\node_modules\next\dist\build\swc\options.js
- d:\tuchmath\techpub-platform\techpub-platform\payload\node_modules\next\dist\build\swc\index.js
- d:\tuchmath\techpub-platform\techpub-platform\payload\node_modules\next\dist\build\analysis\parse-module.js
- d:\tuchmath\techpub-platform\techpub-platform\payload\node_modules\next\dist\build\analysis\get-page-static-info.js
- d:\tuchmath\techpub-platform\techpub-platform\payload\node_modules\next\dist\server\lib\router-utils\setup-dev-bundler.js
- d:\tuchmath\techpub-platform\techpub-platform\payload\node_modules\next\dist\server\lib\router-server.js
- d:\tuchmath\techpub-platform\techpub-platform\payload\node_modules\next\dist\server\lib\start-server.js
    at <unknown> (d:\tuchmath\techpub-platform\techpub-platform\payload\.next\server\pages\_document.js:1:327)
    at Object.<anonymous> (d:\tuchmath\techpub-platform\techpub-platform\payload\.next\server\pages\_document.js:1:374) {
  code: 'MODULE_NOT_FOUND',
  requireStack: [Array]
}
[Error: ENOENT: no such file or directory, open 'd:\tuchmath\techpub-platform\techpub-platform\payload\.next\fallback-build-manifest.json'] {
  errno: -4058,
  code: 'ENOENT',
  syscall: 'open',
  path: 'd:\\tuchmath\\techpub-platform\\techpub-platform\\payload\\.next\\fallback-build-manifest.json'
}
 ⨯ Error: Cannot find module './5873.js'
Require stack:
- d:\tuchmath\techpub-platform\techpub-platform\payload\.next\server\webpack-runtime.js
- d:\tuchmath\techpub-platform\techpub-platform\payload\.next\server\app\(payload)\api\[...slug]\route.js
- d:\tuchmath\techpub-platform\techpub-platform\payload\node_modules\next\dist\server\require.js
- d:\tuchmath\techpub-platform\techpub-platform\payload\node_modules\next\dist\server\load-components.js
- d:\tuchmath\techpub-platform\techpub-platform\payload\node_modules\next\dist\build\utils.js
- d:\tuchmath\techpub-platform\techpub-platform\payload\node_modules\next\dist\build\swc\options.js
- d:\tuchmath\techpub-platform\techpub-platform\payload\node_modules\next\dist\build\swc\index.js
- d:\tuchmath\techpub-platform\techpub-platform\payload\node_modules\next\dist\build\analysis\parse-module.js
- d:\tuchmath\techpub-platform\techpub-platform\payload\node_modules\next\dist\build\analysis\get-page-static-info.js
- d:\tuchmath\techpub-platform\techpub-platform\payload\node_modules\next\dist\server\lib\router-utils\setup-dev-bundler.js
- d:\tuchmath\techpub-platform\techpub-platform\payload\node_modules\next\dist\server\lib\router-server.js
- d:\tuchmath\techpub-platform\techpub-platform\payload\node_modules\next\dist\server\lib\start-server.js
    at <unknown> (d:\tuchmath\techpub-platform\techpub-platform\payload\.next\server\app\(payload)\admin\[[...segments]]\page.js:213:147690)
    at Object.<anonymous> (d:\tuchmath\techpub-platform\techpub-platform\payload\.next\server\app\(payload)\admin\[[...segments]]\page.js:213:147761) {
  code: 'MODULE_NOT_FOUND',
  requireStack: [Array],
  page: '/admin/logout-inactivity'
}
 ⨯ Error: Cannot find module './5611.js'
Require stack:
- d:\tuchmath\techpub-platform\techpub-platform\payload\.next\server\webpack-runtime.js
- d:\tuchmath\techpub-platform\techpub-platform\payload\.next\server\app\(payload)\api\[...slug]\route.js
- d:\tuchmath\techpub-platform\techpub-platform\payload\node_modules\next\dist\server\require.js
- d:\tuchmath\techpub-platform\techpub-platform\payload\node_modules\next\dist\server\load-components.js
- d:\tuchmath\techpub-platform\techpub-platform\payload\node_modules\next\dist\build\utils.js
- d:\tuchmath\techpub-platform\techpub-platform\payload\node_modules\next\dist\build\swc\options.js
- d:\tuchmath\techpub-platform\techpub-platform\payload\node_modules\next\dist\build\swc\index.js
- d:\tuchmath\techpub-platform\techpub-platform\payload\node_modules\next\dist\build\analysis\parse-module.js
- d:\tuchmath\techpub-platform\techpub-platform\payload\node_modules\next\dist\build\analysis\get-page-static-info.js
- d:\tuchmath\techpub-platform\techpub-platform\payload\node_modules\next\dist\server\lib\router-utils\setup-dev-bundler.js
- d:\tuchmath\techpub-platform\techpub-platform\payload\node_modules\next\dist\server\lib\router-server.js
- d:\tuchmath\techpub-platform\techpub-platform\payload\node_modules\next\dist\server\lib\start-server.js
    at <unknown> (d:\tuchmath\techpub-platform\techpub-platform\payload\.next\server\pages\_document.js:1:327)
    at Object.<anonymous> (d:\tuchmath\techpub-platform\techpub-platform\payload\.next\server\pages\_document.js:1:374) {
  code: 'MODULE_NOT_FOUND',
  requireStack: [Array]
}
Error: Cannot find module './5873.js'
Require stack:
- d:\tuchmath\techpub-platform\techpub-platform\payload\.next\server\webpack-runtime.js
- d:\tuchmath\techpub-platform\techpub-platform\payload\.next\server\app\(payload)\api\[...slug]\route.js
- d:\tuchmath\techpub-platform\techpub-platform\payload\node_modules\next\dist\server\require.js
- d:\tuchmath\techpub-platform\techpub-platform\payload\node_modules\next\dist\server\load-components.js
- d:\tuchmath\techpub-platform\techpub-platform\payload\node_modules\next\dist\build\utils.js
- d:\tuchmath\techpub-platform\techpub-platform\payload\node_modules\next\dist\build\swc\options.js
- d:\tuchmath\techpub-platform\techpub-platform\payload\node_modules\next\dist\build\swc\index.js
- d:\tuchmath\techpub-platform\techpub-platform\payload\node_modules\next\dist\build\analysis\parse-module.js
- d:\tuchmath\techpub-platform\techpub-platform\payload\node_modules\next\dist\build\analysis\get-page-static-info.js
- d:\tuchmath\techpub-platform\techpub-platform\payload\node_modules\next\dist\server\lib\router-utils\setup-dev-bundler.js
- d:\tuchmath\techpub-platform\techpub-platform\payload\node_modules\next\dist\server\lib\router-server.js
- d:\tuchmath\techpub-platform\techpub-platform\payload\node_modules\next\dist\server\lib\start-server.js
    at <unknown> (d:\tuchmath\techpub-platform\techpub-platform\payload\.next\server\app\(payload)\admin\[[...segments]]\page.js:213:147690)
    at Object.<anonymous> (d:\tuchmath\techpub-platform\techpub-platform\payload\.next\server\app\(payload)\admin\[[...segments]]\page.js:213:147761) {
  code: 'MODULE_NOT_FOUND',
  requireStack: [Array],
  page: '/admin/logout-inactivity'
}
 ⨯ Error: Cannot find module './5611.js'
Require stack:
- d:\tuchmath\techpub-platform\techpub-platform\payload\.next\server\webpack-runtime.js
- d:\tuchmath\techpub-platform\techpub-platform\payload\.next\server\app\(payload)\api\[...slug]\route.js
- d:\tuchmath\techpub-platform\techpub-platform\payload\node_modules\next\dist\server\require.js
- d:\tuchmath\techpub-platform\techpub-platform\payload\node_modules\next\dist\server\load-components.js
- d:\tuchmath\techpub-platform\techpub-platform\payload\node_modules\next\dist\build\utils.js
- d:\tuchmath\techpub-platform\techpub-platform\payload\node_modules\next\dist\build\swc\options.js
- d:\tuchmath\techpub-platform\techpub-platform\payload\node_modules\next\dist\build\swc\index.js
- d:\tuchmath\techpub-platform\techpub-platform\payload\node_modules\next\dist\build\analysis\parse-module.js
- d:\tuchmath\techpub-platform\techpub-platform\payload\node_modules\next\dist\build\analysis\get-page-static-info.js
- d:\tuchmath\techpub-platform\techpub-platform\payload\node_modules\next\dist\server\lib\router-utils\setup-dev-bundler.js
- d:\tuchmath\techpub-platform\techpub-platform\payload\node_modules\next\dist\server\lib\router-server.js
- d:\tuchmath\techpub-platform\techpub-platform\payload\node_modules\next\dist\server\lib\start-server.js
    at <unknown> (d:\tuchmath\techpub-platform\techpub-platform\payload\.next\server\pages\_document.js:1:327)
    at Object.<anonymous> (d:\tuchmath\techpub-platform\techpub-platform\payload\.next\server\pages\_document.js:1:374) {
  code: 'MODULE_NOT_FOUND',
  requireStack: [Array]
}
[Error: ENOENT: no such file or directory, open 'd:\tuchmath\techpub-platform\techpub-platform\payload\.next\fallback-build-manifest.json'] {
  errno: -4058,
  code: 'ENOENT',
  syscall: 'open',
  path: 'd:\\tuchmath\\techpub-platform\\techpub-platform\\payload\\.next\\fallback-build-manifest.json'
}
